<?xml version="1.0" encoding="UTF-8"?>
<!-- Generated by org.testng.reporters.JUnitReportReporter -->
<testsuite skipped="0" hostname="SANJAY" name="com.test.testrunner.TestRunner" tests="1" failures="0" timestamp="2022-06-12T21:26:02 IST" time="17.493" errors="0">
  <testcase name="runScenario" time="17.493" classname="com.test.testrunner.TestRunner"/>
  <system-out/>
</testsuite> <!-- com.test.testrunner.TestRunner -->
