<?xml version="1.0" encoding="UTF-8"?>
<!-- Generated by org.testng.reporters.JUnitReportReporter -->
<testsuite skipped="0" hostname="SANJAY" name="com.test.testrunner.TestRunner" tests="1" failures="0" timestamp="2022-06-14T10:32:43 IST" time="23.713" errors="0">
  <testcase name="runScenario" time="23.713" classname="com.test.testrunner.TestRunner"/>
  <system-out/>
</testsuite> <!-- com.test.testrunner.TestRunner -->
